<!DOCTYPE html PUBLIC "-//W3C//DTD XHTML 1.1//EN" "http://www.w3.org/TR/xhtml11/DTD/xhtml11.dtd">
<html xmlns="http://www.w3.org/1999/xhtml">
<head>
<meta http-equiv="content-type" content="text/html; charset=UTF-8"/>
<title>TestNG Report</title>
<style type="text/css">table {margin-bottom:10px;border-collapse:collapse;empty-cells:show}th,td {border:1px solid #009;padding:.25em .5em}th {vertical-align:bottom}td {vertical-align:top}table a {font-weight:bold}.stripe td {background-color: #E6EBF9}.num {text-align:right}.passedodd td {background-color: #3F3}.passedeven td {background-color: #0A0}.skippedodd td {background-color: #DDD}.skippedeven td {background-color: #CCC}.failedodd td,.attn {background-color: #F33}.failedeven td,.stripe .attn {background-color: #D00}.stacktrace {white-space:pre;font-family:monospace}.totop {font-size:85%;text-align:center;border-bottom:2px solid #000}.invisible {display:none}</style>
</head>
<body>
<table>
<tr><th>Test</th><th># Passed</th><th># Skipped</th><th># Retried</th><th># Failed</th><th>Time (ms)</th><th>Included Groups</th><th>Excluded Groups</th></tr>
<tr><th colspan="7">Test suite</th></tr>
<tr><td><a href="#t0">CreateAccountTest</a></td><td class="num">1</td><td class="num">0</td><td class="num">0</td><td class="num">0</td><td class="num">42 310</td><td></td><td></td></tr>
<tr class="stripe"><td><a href="#t1">LoginPageTest</a></td><td class="num">1</td><td class="num">0</td><td class="num">0</td><td class="num">0</td><td class="num">15 866</td><td></td><td></td></tr>
<tr><td><a href="#t2">AddressPageTest</a></td><td class="num">2</td><td class="num">0</td><td class="num">0</td><td class="num">0</td><td class="num">30 688</td><td></td><td></td></tr>
<tr class="stripe"><td><a href="#t3">AddressPageFalseTest</a></td><td class="num">0</td><td class="num">0</td><td class="num">0</td><td class="num attn">1</td><td class="num">37 402</td><td></td><td></td></tr>
<tr><td><a href="#t4">ChangeLanguagePageTest</a></td><td class="num">1</td><td class="num">0</td><td class="num">0</td><td class="num">0</td><td class="num">16 842</td><td></td><td></td></tr>
<tr class="stripe"><td><a href="#t5">ChangeCurrencyPageTest</a></td><td class="num">1</td><td class="num">0</td><td class="num">0</td><td class="num">0</td><td class="num">12 785</td><td></td><td></td></tr>
<tr><td><a href="#t6">CartPageTest</a></td><td class="num">0</td><td class="num">0</td><td class="num">0</td><td class="num attn">1</td><td class="num">28 008</td><td></td><td></td></tr>
<tr class="stripe"><td><a href="#t7">CheckoutOrderPageTest</a></td><td class="num">0</td><td class="num">0</td><td class="num">0</td><td class="num attn">1</td><td class="num">18 236</td><td></td><td></td></tr>
<tr><td><a href="#t8">LoginSingOutTest</a></td><td class="num">1</td><td class="num">0</td><td class="num">0</td><td class="num">0</td><td class="num">12 708</td><td></td><td></td></tr>
<tr><th>Total</th><th class="num">7</th><th class="num">0</th><th class="num">0</th><th class="num attn">3</th><th class="num">214 845</th><th colspan="2"></th></tr>
</table>
<table id='summary'><thead><tr><th>Class</th><th>Method</th><th>Start</th><th>Time (ms)</th></tr></thead><tbody><tr><th colspan="4">Test suite</th></tr></tbody><tbody id="t0"><tr><th colspan="4">CreateAccountTest &#8212; passed</th></tr><tr class="passedeven"><td rowspan="1">org.tms.test.CreateAccountTest</td><td><a href="#m0">createAccountTest</a></td><td rowspan="1">1655277571941</td><td rowspan="1">14413</td></tr></tbody>
<tbody id="t1"><tr><th colspan="4">LoginPageTest &#8212; passed</th></tr><tr class="passedeven"><td rowspan="1">org.tms.test.LoginPageTest</td><td><a href="#m1">loginTest</a></td><td rowspan="1">1655277598948</td><td rowspan="1">4428</td></tr></tbody>
<tbody id="t2"><tr><th colspan="4">AddressPageTest &#8212; passed</th></tr><tr class="passedeven"><td rowspan="2">org.tms.test.AddressPageTest</td><td><a href="#m2">createAddressTest</a></td><td rowspan="1">1655277615410</td><td rowspan="1">9639</td></tr><tr class="passedeven"><td><a href="#m3">deleteAddressTest</a></td><td rowspan="1">1655277625181</td><td rowspan="1">7094</td></tr></tbody>
<tbody id="t3"><tr><th colspan="4">AddressPageFalseTest &#8212; failed</th></tr><tr class="failedeven"><td rowspan="1">org.tms.test.AddressPageFalseTest</td><td><a href="#m4">createAddressFalseTest</a></td><td rowspan="1">1655277638311</td><td rowspan="1">31625</td></tr></tbody>
<tbody id="t4"><tr><th colspan="4">ChangeLanguagePageTest &#8212; passed</th></tr><tr class="passedeven"><td rowspan="1">org.tms.test.ChangeLanguagePageTest</td><td><a href="#m5">changeTheLanguageOnTheWebsiteTest</a></td><td rowspan="1">1655277676648</td><td rowspan="1">12302</td></tr></tbody>
<tbody id="t5"><tr><th colspan="4">ChangeCurrencyPageTest &#8212; passed</th></tr><tr class="passedeven"><td rowspan="1">org.tms.test.ChangeCurrencyPageTest</td><td><a href="#m6">changeTheLanguageOnTheWebsiteTest</a></td><td rowspan="1">1655277692824</td><td rowspan="1">6865</td></tr></tbody>
<tbody id="t6"><tr><th colspan="4">CartPageTest &#8212; failed</th></tr><tr class="failedeven"><td rowspan="1">org.tms.test.CartPageTest</td><td><a href="#m7">addItemToCartTest</a></td><td rowspan="1">1655277704982</td><td rowspan="1">23771</td></tr></tbody>
<tbody id="t7"><tr><th colspan="4">CheckoutOrderPageTest &#8212; failed</th></tr><tr class="failedeven"><td rowspan="1">org.tms.test.CheckoutOrderPageTest</td><td><a href="#m8">checkoutOrderTest</a></td><td rowspan="1">1655277733954</td><td rowspan="1">13097</td></tr></tbody>
<tbody id="t8"><tr><th colspan="4">LoginSingOutTest &#8212; passed</th></tr><tr class="passedeven"><td rowspan="1">org.tms.test.LoginSingOutTest</td><td><a href="#m9">loginSignOutTest</a></td><td rowspan="1">1655277751461</td><td rowspan="1">9425</td></tr></tbody>
</table>
<h2>CreateAccountTest</h2><h3 id="m0">org.tms.test.CreateAccountTest#createAccountTest</h3><table class="result"><tr><th class="invisible"/></tr></table><p class="totop"><a href="#summary">back to summary</a></p>
<h2>LoginPageTest</h2><h3 id="m1">org.tms.test.LoginPageTest#loginTest</h3><table class="result"><tr><th class="invisible"/></tr></table><p class="totop"><a href="#summary">back to summary</a></p>
<h2>AddressPageTest</h2><h3 id="m2">org.tms.test.AddressPageTest#createAddressTest</h3><table class="result"><tr><th class="invisible"/></tr></table><p class="totop"><a href="#summary">back to summary</a></p>
<h3 id="m3">org.tms.test.AddressPageTest#deleteAddressTest</h3><table class="result"><tr><th class="invisible"/></tr></table><p class="totop"><a href="#summary">back to summary</a></p>
<h2>AddressPageFalseTest</h2><h3 id="m4">org.tms.test.AddressPageFalseTest#createAddressFalseTest</h3><table class="result"><tr><th>Exception</th></tr><tr><td><div class="stacktrace">org.openqa.selenium.TimeoutException: Expected condition failed: waiting for visibility of Proxy element for: DefaultElementLocator &apos;By.xpath: //h3[@class=&apos;page-subheading&apos;]&apos; (tried for 15 second(s) with 500 milliseconds interval)
	at org.openqa.selenium.support.ui.WebDriverWait.timeoutException(WebDriverWait.java:95)
	at org.openqa.selenium.support.ui.FluentWait.until(FluentWait.java:272)
	at org.tms.util.Waiter.waitVisibilityOfElement(Waiter.java:15)
	at org.tms.page.AddressPage.getTextModifyAddress(AddressPage.java:129)
	at org.tms.service.AddressPageService.getTitleOfAddressFalsePage_aroundBody12(AddressPageService.java:76)
	at org.tms.service.AddressPageService$AjcClosure13.run(AddressPageService.java:1)
	at io.qameta.allure.aspects.StepsAspects.step(StepsAspects.java:51)
	at org.tms.service.AddressPageService.getTitleOfAddressFalsePage(AddressPageService.java:76)
	at org.tms.test.AddressPageFalseTest.createAddressFalseTest(AddressPageFalseTest.java:18)
	at java.util.concurrent.ThreadPoolExecutor.runWorker(ThreadPoolExecutor.java:1149)
	at java.util.concurrent.ThreadPoolExecutor$Worker.run(ThreadPoolExecutor.java:624)
	at java.lang.Thread.run(Thread.java:750)
Caused by: org.openqa.selenium.NoSuchElementException: no such element: Unable to locate element: {&quot;method&quot;:&quot;xpath&quot;,&quot;selector&quot;:&quot;//h3[@class=&apos;page-subheading&apos;]&quot;}
  (Session info: chrome=102.0.5005.115)
For documentation on this error, please visit: https://www.seleniumhq.org/exceptions/no_such_element.html
Build info: version: &apos;3.141.59&apos;, revision: &apos;e82be7d358&apos;, time: &apos;2018-11-14T08:17:03&apos;
System info: host: &apos;WIN-L3KRA4BUOOR&apos;, ip: &apos;192.168.0.103&apos;, os.name: &apos;Windows 7&apos;, os.arch: &apos;amd64&apos;, os.version: &apos;6.1&apos;, java.version: &apos;1.8.0_333&apos;
Driver info: org.openqa.selenium.chrome.ChromeDriver
Capabilities {acceptInsecureCerts: false, browserName: chrome, browserVersion: 102.0.5005.115, chrome: {chromedriverVersion: 102.0.5005.61 (0e59bcc00cc4..., userDataDir: C:\Users\BD18~1\AppData\Loc...}, goog:chromeOptions: {debuggerAddress: localhost:52287}, javascriptEnabled: true, networkConnectionEnabled: false, pageLoadStrategy: normal, platform: WINDOWS, platformName: WINDOWS, proxy: Proxy(), setWindowRect: true, strictFileInteractability: false, timeouts: {implicit: 0, pageLoad: 300000, script: 30000}, unhandledPromptBehavior: dismiss and notify, webauthn:extension:credBlob: true, webauthn:extension:largeBlob: true, webauthn:virtualAuthenticators: true}
Session ID: 6dbd805bdbab0aa51d1404d158c57d2e
*** Element info: {Using=xpath, value=//h3[@class=&apos;page-subheading&apos;]}
	at org.openqa.selenium.remote.http.W3CHttpResponseCodec.createException(W3CHttpResponseCodec.java:187)
	at org.openqa.selenium.remote.http.W3CHttpResponseCodec.decode(W3CHttpResponseCodec.java:122)
	at org.openqa.selenium.remote.http.W3CHttpResponseCodec.decode(W3CHttpResponseCodec.java:49)
	at org.openqa.selenium.remote.HttpCommandExecutor.execute(HttpCommandExecutor.java:158)
	at org.openqa.selenium.remote.service.DriverCommandExecutor.execute(DriverCommandExecutor.java:83)
	at org.openqa.selenium.remote.RemoteWebDriver.execute(RemoteWebDriver.java:552)
	at org.openqa.selenium.remote.RemoteWebDriver.findElement(RemoteWebDriver.java:323)
	at org.openqa.selenium.remote.RemoteWebDriver.findElementByXPath(RemoteWebDriver.java:428)
	at org.openqa.selenium.By$ByXPath.findElement(By.java:353)
	at org.openqa.selenium.remote.RemoteWebDriver.findElement(RemoteWebDriver.java:315)
	at org.openqa.selenium.support.pagefactory.DefaultElementLocator.findElement(DefaultElementLocator.java:69)
	at org.openqa.selenium.support.pagefactory.internal.LocatingElementHandler.invoke(LocatingElementHandler.java:38)
	at com.sun.proxy.$Proxy9.isDisplayed(Unknown Source)
	at org.openqa.selenium.support.ui.ExpectedConditions.elementIfVisible(ExpectedConditions.java:314)
	at org.openqa.selenium.support.ui.ExpectedConditions.access$000(ExpectedConditions.java:43)
	at org.openqa.selenium.support.ui.ExpectedConditions$10.apply(ExpectedConditions.java:300)
	at org.openqa.selenium.support.ui.ExpectedConditions$10.apply(ExpectedConditions.java:297)
	at org.openqa.selenium.support.ui.FluentWait.until(FluentWait.java:249)
	... 23 more
... Removed 16 stack frames</div></td></tr></table><p class="totop"><a href="#summary">back to summary</a></p>
<h2>ChangeLanguagePageTest</h2><h3 id="m5">org.tms.test.ChangeLanguagePageTest#changeTheLanguageOnTheWebsiteTest</h3><table class="result"><tr><th class="invisible"/></tr></table><p class="totop"><a href="#summary">back to summary</a></p>
<h2>ChangeCurrencyPageTest</h2><h3 id="m6">org.tms.test.ChangeCurrencyPageTest#changeTheLanguageOnTheWebsiteTest</h3><table class="result"><tr><th class="invisible"/></tr></table><p class="totop"><a href="#summary">back to summary</a></p>
<h2>CartPageTest</h2><h3 id="m7">org.tms.test.CartPageTest#addItemToCartTest</h3><table class="result"><tr><th>Exception</th></tr><tr><td><div class="stacktrace">org.openqa.selenium.TimeoutException: Expected condition failed: waiting for visibility of [[ChromeDriver: chrome on WINDOWS (b29651aa4549a095987dad32799894ef)] -&gt; xpath: //div[@class=&apos;button-container&apos;]//a[@data-id-product=&apos;1&apos;]] (tried for 15 second(s) with 500 milliseconds interval)
Build info: version: &apos;3.141.59&apos;, revision: &apos;e82be7d358&apos;, time: &apos;2018-11-14T08:17:03&apos;
System info: host: &apos;WIN-L3KRA4BUOOR&apos;, ip: &apos;192.168.0.103&apos;, os.name: &apos;Windows 7&apos;, os.arch: &apos;amd64&apos;, os.version: &apos;6.1&apos;, java.version: &apos;1.8.0_333&apos;
Driver info: org.openqa.selenium.chrome.ChromeDriver
Capabilities {acceptInsecureCerts: false, browserName: chrome, browserVersion: 102.0.5005.115, chrome: {chromedriverVersion: 102.0.5005.61 (0e59bcc00cc4..., userDataDir: C:\Users\BD18~1\AppData\Loc...}, goog:chromeOptions: {debuggerAddress: localhost:52362}, javascriptEnabled: true, networkConnectionEnabled: false, pageLoadStrategy: normal, platform: WINDOWS, platformName: WINDOWS, proxy: Proxy(), setWindowRect: true, strictFileInteractability: false, timeouts: {implicit: 0, pageLoad: 300000, script: 30000}, unhandledPromptBehavior: dismiss and notify, webauthn:extension:credBlob: true, webauthn:extension:largeBlob: true, webauthn:virtualAuthenticators: true}
Session ID: b29651aa4549a095987dad32799894ef
	at org.openqa.selenium.support.ui.WebDriverWait.timeoutException(WebDriverWait.java:95)
	at org.openqa.selenium.support.ui.FluentWait.until(FluentWait.java:272)
	at org.tms.util.Waiter.waitVisibilityOfElement(Waiter.java:15)
	at org.tms.page.WomenPage.clickToAddToCartButton(WomenPage.java:33)
	at org.tms.service.WomenPageService.addItemToCart_aroundBody0(WomenPageService.java:18)
	at org.tms.service.WomenPageService$AjcClosure1.run(WomenPageService.java:1)
	at io.qameta.allure.aspects.StepsAspects.step(StepsAspects.java:51)
	at org.tms.service.WomenPageService.addItemToCart(WomenPageService.java:16)
	at org.tms.test.CartPageTest.addItemToCartTest(CartPageTest.java:21)
	at java.util.concurrent.ThreadPoolExecutor.runWorker(ThreadPoolExecutor.java:1149)
	at java.util.concurrent.ThreadPoolExecutor$Worker.run(ThreadPoolExecutor.java:624)
	at java.lang.Thread.run(Thread.java:750)
... Removed 13 stack frames</div></td></tr></table><p class="totop"><a href="#summary">back to summary</a></p>
<h2>CheckoutOrderPageTest</h2><h3 id="m8">org.tms.test.CheckoutOrderPageTest#checkoutOrderTest</h3><table class="result"><tr><th>Exception</th></tr><tr><td><div class="stacktrace">org.openqa.selenium.NoSuchElementException: no such element: Unable to locate element: {&quot;method&quot;:&quot;xpath&quot;,&quot;selector&quot;:&quot;//input[@id=&apos;email&apos;]&quot;}
  (Session info: chrome=102.0.5005.115)
For documentation on this error, please visit: https://www.seleniumhq.org/exceptions/no_such_element.html
Build info: version: &apos;3.141.59&apos;, revision: &apos;e82be7d358&apos;, time: &apos;2018-11-14T08:17:03&apos;
System info: host: &apos;WIN-L3KRA4BUOOR&apos;, ip: &apos;192.168.0.103&apos;, os.name: &apos;Windows 7&apos;, os.arch: &apos;amd64&apos;, os.version: &apos;6.1&apos;, java.version: &apos;1.8.0_333&apos;
Driver info: org.openqa.selenium.chrome.ChromeDriver
Capabilities {acceptInsecureCerts: false, browserName: chrome, browserVersion: 102.0.5005.115, chrome: {chromedriverVersion: 102.0.5005.61 (0e59bcc00cc4..., userDataDir: C:\Users\BD18~1\AppData\Loc...}, goog:chromeOptions: {debuggerAddress: localhost:52390}, javascriptEnabled: true, networkConnectionEnabled: false, pageLoadStrategy: normal, platform: WINDOWS, platformName: WINDOWS, proxy: Proxy(), setWindowRect: true, strictFileInteractability: false, timeouts: {implicit: 0, pageLoad: 300000, script: 30000}, unhandledPromptBehavior: dismiss and notify, webauthn:extension:credBlob: true, webauthn:extension:largeBlob: true, webauthn:virtualAuthenticators: true}
Session ID: d9d04c5ef2d59d8f3d1074fd99d2c5bd
*** Element info: {Using=xpath, value=//input[@id=&apos;email&apos;]}
	at org.openqa.selenium.remote.http.W3CHttpResponseCodec.createException(W3CHttpResponseCodec.java:187)
	at org.openqa.selenium.remote.http.W3CHttpResponseCodec.decode(W3CHttpResponseCodec.java:122)
	at org.openqa.selenium.remote.http.W3CHttpResponseCodec.decode(W3CHttpResponseCodec.java:49)
	at org.openqa.selenium.remote.HttpCommandExecutor.execute(HttpCommandExecutor.java:158)
	at org.openqa.selenium.remote.service.DriverCommandExecutor.execute(DriverCommandExecutor.java:83)
	at org.openqa.selenium.remote.RemoteWebDriver.execute(RemoteWebDriver.java:552)
	at org.openqa.selenium.remote.RemoteWebDriver.findElement(RemoteWebDriver.java:323)
	at org.openqa.selenium.remote.RemoteWebDriver.findElementByXPath(RemoteWebDriver.java:428)
	at org.openqa.selenium.By$ByXPath.findElement(By.java:353)
	at org.openqa.selenium.remote.RemoteWebDriver.findElement(RemoteWebDriver.java:315)
	at org.openqa.selenium.support.pagefactory.DefaultElementLocator.findElement(DefaultElementLocator.java:69)
	at org.openqa.selenium.support.pagefactory.internal.LocatingElementHandler.invoke(LocatingElementHandler.java:38)
	at com.sun.proxy.$Proxy9.clear(Unknown Source)
	at org.tms.page.LoginPage.fillInEmailAddress(LoginPage.java:56)
	at org.tms.service.LoginPageService.login(LoginPageService.java:18)
	at org.tms.service.WomenPageService.addItemToCart_aroundBody0(WomenPageService.java:16)
	at org.tms.service.WomenPageService$AjcClosure1.run(WomenPageService.java:1)
	at io.qameta.allure.aspects.StepsAspects.step(StepsAspects.java:51)
	at org.tms.service.WomenPageService.addItemToCart(WomenPageService.java:16)
	at org.tms.service.CheckoutOrderPageService.order(CheckoutOrderPageService.java:13)
	at org.tms.test.CheckoutOrderPageTest.checkoutOrderTest(CheckoutOrderPageTest.java:22)
	at java.util.concurrent.ThreadPoolExecutor.runWorker(ThreadPoolExecutor.java:1149)
	at java.util.concurrent.ThreadPoolExecutor$Worker.run(ThreadPoolExecutor.java:624)
	at java.lang.Thread.run(Thread.java:750)
... Removed 16 stack frames</div></td></tr></table><p class="totop"><a href="#summary">back to summary</a></p>
<h2>LoginSingOutTest</h2><h3 id="m9">org.tms.test.LoginSingOutTest#loginSignOutTest</h3><table class="result"><tr><th class="invisible"/></tr></table><p class="totop"><a href="#summary">back to summary</a></p>
</body>
</html>
