<?xml version="1.0" encoding="UTF-8"?>
<testng-results skipped="0" failed="3" ignored="0" total="10" passed="7">
  <reporter-output>
  </reporter-output>
  <suite name="Test suite" duration-ms="175586" started-at="2022-06-15T10:00:28 EEST" finished-at="2022-06-15T10:03:24 EEST">
    <groups>
    </groups>
    <test name="CreateAccountTest" duration-ms="23761" started-at="2022-06-15T10:00:28 EEST" finished-at="2022-06-15T10:00:52 EEST">
      <class name="org.tms.test.CreateAccountTest">
        <test-method status="PASS" signature="setUp()[pri:0, instance:org.tms.test.CreateAccountTest@1a2e2935]" name="setUp" is-config="true" duration-ms="15685" started-at="2022-06-15T10:00:28 EEST" finished-at="2022-06-15T10:00:44 EEST">
          <reporter-output>
          </reporter-output>
        </test-method> <!-- setUp -->
        <test-method status="PASS" signature="createAccountTest()[pri:0, instance:org.tms.test.CreateAccountTest@1a2e2935]" name="createAccountTest" duration-ms="6443" started-at="2022-06-15T10:00:44 EEST" finished-at="2022-06-15T10:00:50 EEST">
          <reporter-output>
          </reporter-output>
        </test-method> <!-- createAccountTest -->
        <test-method status="PASS" signature="stopBrowser()[pri:0, instance:org.tms.test.CreateAccountTest@1a2e2935]" name="stopBrowser" is-config="true" duration-ms="1144" started-at="2022-06-15T10:00:51 EEST" finished-at="2022-06-15T10:00:52 EEST">
          <reporter-output>
          </reporter-output>
        </test-method> <!-- stopBrowser -->
      </class> <!-- org.tms.test.CreateAccountTest -->
    </test> <!-- CreateAccountTest -->
    <test name="LoginPageTest" duration-ms="12909" started-at="2022-06-15T10:00:52 EEST" finished-at="2022-06-15T10:01:05 EEST">
      <class name="org.tms.test.LoginPageTest">
        <test-method status="PASS" signature="setUp()[pri:0, instance:org.tms.test.LoginPageTest@5bd73d1a]" name="setUp" is-config="true" duration-ms="8179" started-at="2022-06-15T10:00:52 EEST" finished-at="2022-06-15T10:01:00 EEST">
          <reporter-output>
          </reporter-output>
        </test-method> <!-- setUp -->
        <test-method status="PASS" signature="loginTest()[pri:0, instance:org.tms.test.LoginPageTest@5bd73d1a]" name="loginTest" duration-ms="3993" started-at="2022-06-15T10:01:00 EEST" finished-at="2022-06-15T10:01:04 EEST">
          <reporter-output>
          </reporter-output>
        </test-method> <!-- loginTest -->
        <test-method status="PASS" signature="stopBrowser()[pri:0, instance:org.tms.test.LoginPageTest@5bd73d1a]" name="stopBrowser" is-config="true" duration-ms="703" started-at="2022-06-15T10:01:04 EEST" finished-at="2022-06-15T10:01:05 EEST">
          <reporter-output>
          </reporter-output>
        </test-method> <!-- stopBrowser -->
      </class> <!-- org.tms.test.LoginPageTest -->
    </test> <!-- LoginPageTest -->
    <test name="AddressPageTest" duration-ms="30351" started-at="2022-06-15T10:01:05 EEST" finished-at="2022-06-15T10:01:36 EEST">
      <class name="org.tms.test.AddressPageTest">
        <test-method status="PASS" signature="setUp()[pri:0, instance:org.tms.test.AddressPageTest@173b9122]" name="setUp" is-config="true" duration-ms="11711" started-at="2022-06-15T10:01:05 EEST" finished-at="2022-06-15T10:01:17 EEST">
          <reporter-output>
          </reporter-output>
        </test-method> <!-- setUp -->
        <test-method status="PASS" signature="createAddressTest()[pri:0, instance:org.tms.test.AddressPageTest@173b9122]" name="createAddressTest" duration-ms="11605" started-at="2022-06-15T10:01:17 EEST" finished-at="2022-06-15T10:01:29 EEST">
          <reporter-output>
          </reporter-output>
        </test-method> <!-- createAddressTest -->
        <test-method status="PASS" signature="deleteAddressTest()[pri:0, instance:org.tms.test.AddressPageTest@173b9122]" name="deleteAddressTest" duration-ms="5810" started-at="2022-06-15T10:01:29 EEST" finished-at="2022-06-15T10:01:34 EEST">
          <reporter-output>
          </reporter-output>
        </test-method> <!-- deleteAddressTest -->
        <test-method status="PASS" signature="stopBrowser()[pri:0, instance:org.tms.test.AddressPageTest@173b9122]" name="stopBrowser" is-config="true" duration-ms="1072" started-at="2022-06-15T10:01:34 EEST" finished-at="2022-06-15T10:01:35 EEST">
          <reporter-output>
          </reporter-output>
        </test-method> <!-- stopBrowser -->
      </class> <!-- org.tms.test.AddressPageTest -->
    </test> <!-- AddressPageTest -->
    <test name="AddressPageFalseTest" duration-ms="33566" started-at="2022-06-15T10:01:36 EEST" finished-at="2022-06-15T10:02:09 EEST">
      <class name="org.tms.test.AddressPageFalseTest">
        <test-method status="PASS" signature="setUp()[pri:0, instance:org.tms.test.AddressPageFalseTest@2449cff7]" name="setUp" is-config="true" duration-ms="6007" started-at="2022-06-15T10:01:36 EEST" finished-at="2022-06-15T10:01:42 EEST">
          <reporter-output>
          </reporter-output>
        </test-method> <!-- setUp -->
        <test-method status="FAIL" signature="createAddressFalseTest()[pri:0, instance:org.tms.test.AddressPageFalseTest@2449cff7]" name="createAddressFalseTest" duration-ms="22898" started-at="2022-06-15T10:01:42 EEST" finished-at="2022-06-15T10:02:05 EEST">
          <exception class="org.openqa.selenium.TimeoutException">
            <message>
              <![CDATA[Expected condition failed: waiting for visibility of Proxy element for: DefaultElementLocator 'By.xpath: //h3[@class='page-subheading']' (tried for 15 second(s) with 500 milliseconds interval)]]>
            </message>
            <full-stacktrace>
              <![CDATA[org.openqa.selenium.TimeoutException: Expected condition failed: waiting for visibility of Proxy element for: DefaultElementLocator 'By.xpath: //h3[@class='page-subheading']' (tried for 15 second(s) with 500 milliseconds interval)
at org.openqa.selenium.support.ui.WebDriverWait.timeoutException(WebDriverWait.java:95)
at org.openqa.selenium.support.ui.FluentWait.until(FluentWait.java:272)
at org.tms.util.Waiter.waitVisibilityOfElement(Waiter.java:15)
at org.tms.page.AddressPage.getTextModifyAddress(AddressPage.java:129)
at org.tms.service.AddressPageService.getTitleOfAddressFalsePage_aroundBody12(AddressPageService.java:76)
at org.tms.service.AddressPageService$AjcClosure13.run(AddressPageService.java:1)
at org.aspectj.runtime.reflect.JoinPointImpl.proceed(JoinPointImpl.java:149)
at io.qameta.allure.aspects.StepsAspects.step(StepsAspects.java:51)
at org.tms.service.AddressPageService.getTitleOfAddressFalsePage(AddressPageService.java:76)
at org.tms.test.AddressPageFalseTest.createAddressFalseTest(AddressPageFalseTest.java:18)
at sun.reflect.NativeMethodAccessorImpl.invoke0(Native Method)
at sun.reflect.NativeMethodAccessorImpl.invoke(NativeMethodAccessorImpl.java:62)
at sun.reflect.DelegatingMethodAccessorImpl.invoke(DelegatingMethodAccessorImpl.java:43)
at java.lang.reflect.Method.invoke(Method.java:498)
at org.testng.internal.MethodInvocationHelper.invokeMethod(MethodInvocationHelper.java:133)
at org.testng.internal.TestInvoker.invokeMethod(TestInvoker.java:584)
at org.testng.internal.TestInvoker.invokeTestMethod(TestInvoker.java:172)
at org.testng.internal.MethodRunner.runInSequence(MethodRunner.java:46)
at org.testng.internal.TestInvoker$MethodInvocationAgent.invoke(TestInvoker.java:804)
at org.testng.internal.TestInvoker.invokeTestMethods(TestInvoker.java:145)
at org.testng.internal.TestMethodWorker.invokeTestMethods(TestMethodWorker.java:146)
at org.testng.internal.TestMethodWorker.run(TestMethodWorker.java:128)
at java.util.concurrent.ThreadPoolExecutor.runWorker(ThreadPoolExecutor.java:1149)
at java.util.concurrent.ThreadPoolExecutor$Worker.run(ThreadPoolExecutor.java:624)
at java.lang.Thread.run(Thread.java:750)
Caused by: org.openqa.selenium.NoSuchElementException: no such element: Unable to locate element: {"method":"xpath","selector":"//h3[@class='page-subheading']"}
  (Session info: chrome=102.0.5005.115)
For documentation on this error, please visit: https://www.seleniumhq.org/exceptions/no_such_element.html
Build info: version: '3.141.59', revision: 'e82be7d358', time: '2018-11-14T08:17:03'
System info: host: 'WIN-L3KRA4BUOOR', ip: '192.168.0.103', os.name: 'Windows 7', os.arch: 'amd64', os.version: '6.1', java.version: '1.8.0_333'
Driver info: org.openqa.selenium.chrome.ChromeDriver
Capabilities {acceptInsecureCerts: false, browserName: chrome, browserVersion: 102.0.5005.115, chrome: {chromedriverVersion: 102.0.5005.61 (0e59bcc00cc4..., userDataDir: C:\Users\BD18~1\AppData\Loc...}, goog:chromeOptions: {debuggerAddress: localhost:51974}, javascriptEnabled: true, networkConnectionEnabled: false, pageLoadStrategy: normal, platform: WINDOWS, platformName: WINDOWS, proxy: Proxy(), setWindowRect: true, strictFileInteractability: false, timeouts: {implicit: 0, pageLoad: 300000, script: 30000}, unhandledPromptBehavior: dismiss and notify, webauthn:extension:credBlob: true, webauthn:extension:largeBlob: true, webauthn:virtualAuthenticators: true}
Session ID: 3b8af8c07b3548ef18d7491e32417f06
*** Element info: {Using=xpath, value=//h3[@class='page-subheading']}
at sun.reflect.GeneratedConstructorAccessor32.newInstance(Unknown Source)
at sun.reflect.DelegatingConstructorAccessorImpl.newInstance(DelegatingConstructorAccessorImpl.java:45)
at java.lang.reflect.Constructor.newInstance(Constructor.java:423)
at org.openqa.selenium.remote.http.W3CHttpResponseCodec.createException(W3CHttpResponseCodec.java:187)
at org.openqa.selenium.remote.http.W3CHttpResponseCodec.decode(W3CHttpResponseCodec.java:122)
at org.openqa.selenium.remote.http.W3CHttpResponseCodec.decode(W3CHttpResponseCodec.java:49)
at org.openqa.selenium.remote.HttpCommandExecutor.execute(HttpCommandExecutor.java:158)
at org.openqa.selenium.remote.service.DriverCommandExecutor.execute(DriverCommandExecutor.java:83)
at org.openqa.selenium.remote.RemoteWebDriver.execute(RemoteWebDriver.java:552)
at org.openqa.selenium.remote.RemoteWebDriver.findElement(RemoteWebDriver.java:323)
at org.openqa.selenium.remote.RemoteWebDriver.findElementByXPath(RemoteWebDriver.java:428)
at org.openqa.selenium.By$ByXPath.findElement(By.java:353)
at org.openqa.selenium.remote.RemoteWebDriver.findElement(RemoteWebDriver.java:315)
at org.openqa.selenium.support.pagefactory.DefaultElementLocator.findElement(DefaultElementLocator.java:69)
at org.openqa.selenium.support.pagefactory.internal.LocatingElementHandler.invoke(LocatingElementHandler.java:38)
at com.sun.proxy.$Proxy9.isDisplayed(Unknown Source)
at org.openqa.selenium.support.ui.ExpectedConditions.elementIfVisible(ExpectedConditions.java:314)
at org.openqa.selenium.support.ui.ExpectedConditions.access$000(ExpectedConditions.java:43)
at org.openqa.selenium.support.ui.ExpectedConditions$10.apply(ExpectedConditions.java:300)
at org.openqa.selenium.support.ui.ExpectedConditions$10.apply(ExpectedConditions.java:297)
at org.openqa.selenium.support.ui.FluentWait.until(FluentWait.java:249)
... 23 more
]]>
            </full-stacktrace>
          </exception> <!-- org.openqa.selenium.TimeoutException -->
          <reporter-output>
          </reporter-output>
        </test-method> <!-- createAddressFalseTest -->
        <test-method status="PASS" signature="stopBrowser()[pri:0, instance:org.tms.test.AddressPageFalseTest@2449cff7]" name="stopBrowser" is-config="true" duration-ms="3075" started-at="2022-06-15T10:02:06 EEST" finished-at="2022-06-15T10:02:09 EEST">
          <reporter-output>
          </reporter-output>
        </test-method> <!-- stopBrowser -->
      </class> <!-- org.tms.test.AddressPageFalseTest -->
    </test> <!-- AddressPageFalseTest -->
    <test name="ChangeLanguagePageTest" duration-ms="10930" started-at="2022-06-15T10:02:09 EEST" finished-at="2022-06-15T10:02:20 EEST">
      <class name="org.tms.test.ChangeLanguagePageTest">
        <test-method status="PASS" signature="setUp()[pri:0, instance:org.tms.test.ChangeLanguagePageTest@71e9a896]" name="setUp" is-config="true" duration-ms="3039" started-at="2022-06-15T10:02:09 EEST" finished-at="2022-06-15T10:02:12 EEST">
          <reporter-output>
          </reporter-output>
        </test-method> <!-- setUp -->
        <test-method status="PASS" signature="changeTheLanguageOnTheWebsiteTest()[pri:0, instance:org.tms.test.ChangeLanguagePageTest@71e9a896]" name="changeTheLanguageOnTheWebsiteTest" duration-ms="7100" started-at="2022-06-15T10:02:12 EEST" finished-at="2022-06-15T10:02:19 EEST">
          <reporter-output>
          </reporter-output>
        </test-method> <!-- changeTheLanguageOnTheWebsiteTest -->
        <test-method status="PASS" signature="stopBrowser()[pri:0, instance:org.tms.test.ChangeLanguagePageTest@71e9a896]" name="stopBrowser" is-config="true" duration-ms="771" started-at="2022-06-15T10:02:19 EEST" finished-at="2022-06-15T10:02:20 EEST">
          <reporter-output>
          </reporter-output>
        </test-method> <!-- stopBrowser -->
      </class> <!-- org.tms.test.ChangeLanguagePageTest -->
    </test> <!-- ChangeLanguagePageTest -->
    <test name="ChangeCurrencyPageTest" duration-ms="10455" started-at="2022-06-15T10:02:21 EEST" finished-at="2022-06-15T10:02:31 EEST">
      <class name="org.tms.test.ChangeCurrencyPageTest">
        <test-method status="PASS" signature="setUp()[pri:0, instance:org.tms.test.ChangeCurrencyPageTest@fac80]" name="setUp" is-config="true" duration-ms="4223" started-at="2022-06-15T10:02:21 EEST" finished-at="2022-06-15T10:02:25 EEST">
          <reporter-output>
          </reporter-output>
        </test-method> <!-- setUp -->
        <test-method status="PASS" signature="changeTheLanguageOnTheWebsiteTest()[pri:0, instance:org.tms.test.ChangeCurrencyPageTest@fac80]" name="changeTheLanguageOnTheWebsiteTest" duration-ms="5180" started-at="2022-06-15T10:02:25 EEST" finished-at="2022-06-15T10:02:30 EEST">
          <reporter-output>
          </reporter-output>
        </test-method> <!-- changeTheLanguageOnTheWebsiteTest -->
        <test-method status="PASS" signature="stopBrowser()[pri:0, instance:org.tms.test.ChangeCurrencyPageTest@fac80]" name="stopBrowser" is-config="true" duration-ms="693" started-at="2022-06-15T10:02:30 EEST" finished-at="2022-06-15T10:02:31 EEST">
          <reporter-output>
          </reporter-output>
        </test-method> <!-- stopBrowser -->
      </class> <!-- org.tms.test.ChangeCurrencyPageTest -->
    </test> <!-- ChangeCurrencyPageTest -->
    <test name="CartPageTest" duration-ms="26278" started-at="2022-06-15T10:02:32 EEST" finished-at="2022-06-15T10:02:58 EEST">
      <class name="org.tms.test.CartPageTest">
        <test-method status="PASS" signature="setUp()[pri:0, instance:org.tms.test.CartPageTest@5bd1ceca]" name="setUp" is-config="true" duration-ms="3544" started-at="2022-06-15T10:02:32 EEST" finished-at="2022-06-15T10:02:35 EEST">
          <reporter-output>
          </reporter-output>
        </test-method> <!-- setUp -->
        <test-method status="FAIL" signature="addItemToCartTest()[pri:0, instance:org.tms.test.CartPageTest@5bd1ceca]" name="addItemToCartTest" duration-ms="20784" started-at="2022-06-15T10:02:35 EEST" finished-at="2022-06-15T10:02:56 EEST">
          <exception class="org.openqa.selenium.TimeoutException">
            <message>
              <![CDATA[Expected condition failed: waiting for visibility of [[ChromeDriver: chrome on WINDOWS (7c2c22bdbfd769856a14a98aaf0a3c51)] -> xpath: //div[@class='button-container']//a[@data-id-product='1']] (tried for 15 second(s) with 500 milliseconds interval)
Build info: version: '3.141.59', revision: 'e82be7d358', time: '2018-11-14T08:17:03'
System info: host: 'WIN-L3KRA4BUOOR', ip: '192.168.0.103', os.name: 'Windows 7', os.arch: 'amd64', os.version: '6.1', java.version: '1.8.0_333'
Driver info: org.openqa.selenium.chrome.ChromeDriver
Capabilities {acceptInsecureCerts: false, browserName: chrome, browserVersion: 102.0.5005.115, chrome: {chromedriverVersion: 102.0.5005.61 (0e59bcc00cc4..., userDataDir: C:\Users\BD18~1\AppData\Loc...}, goog:chromeOptions: {debuggerAddress: localhost:52056}, javascriptEnabled: true, networkConnectionEnabled: false, pageLoadStrategy: normal, platform: WINDOWS, platformName: WINDOWS, proxy: Proxy(), setWindowRect: true, strictFileInteractability: false, timeouts: {implicit: 0, pageLoad: 300000, script: 30000}, unhandledPromptBehavior: dismiss and notify, webauthn:extension:credBlob: true, webauthn:extension:largeBlob: true, webauthn:virtualAuthenticators: true}
Session ID: 7c2c22bdbfd769856a14a98aaf0a3c51]]>
            </message>
            <full-stacktrace>
              <![CDATA[org.openqa.selenium.TimeoutException: Expected condition failed: waiting for visibility of [[ChromeDriver: chrome on WINDOWS (7c2c22bdbfd769856a14a98aaf0a3c51)] -> xpath: //div[@class='button-container']//a[@data-id-product='1']] (tried for 15 second(s) with 500 milliseconds interval)
Build info: version: '3.141.59', revision: 'e82be7d358', time: '2018-11-14T08:17:03'
System info: host: 'WIN-L3KRA4BUOOR', ip: '192.168.0.103', os.name: 'Windows 7', os.arch: 'amd64', os.version: '6.1', java.version: '1.8.0_333'
Driver info: org.openqa.selenium.chrome.ChromeDriver
Capabilities {acceptInsecureCerts: false, browserName: chrome, browserVersion: 102.0.5005.115, chrome: {chromedriverVersion: 102.0.5005.61 (0e59bcc00cc4..., userDataDir: C:\Users\BD18~1\AppData\Loc...}, goog:chromeOptions: {debuggerAddress: localhost:52056}, javascriptEnabled: true, networkConnectionEnabled: false, pageLoadStrategy: normal, platform: WINDOWS, platformName: WINDOWS, proxy: Proxy(), setWindowRect: true, strictFileInteractability: false, timeouts: {implicit: 0, pageLoad: 300000, script: 30000}, unhandledPromptBehavior: dismiss and notify, webauthn:extension:credBlob: true, webauthn:extension:largeBlob: true, webauthn:virtualAuthenticators: true}
Session ID: 7c2c22bdbfd769856a14a98aaf0a3c51
at org.openqa.selenium.support.ui.WebDriverWait.timeoutException(WebDriverWait.java:95)
at org.openqa.selenium.support.ui.FluentWait.until(FluentWait.java:272)
at org.tms.util.Waiter.waitVisibilityOfElement(Waiter.java:15)
at org.tms.page.WomenPage.clickToAddToCartButton(WomenPage.java:33)
at org.tms.service.WomenPageService.addItemToCart_aroundBody0(WomenPageService.java:18)
at org.tms.service.WomenPageService$AjcClosure1.run(WomenPageService.java:1)
at org.aspectj.runtime.reflect.JoinPointImpl.proceed(JoinPointImpl.java:149)
at io.qameta.allure.aspects.StepsAspects.step(StepsAspects.java:51)
at org.tms.service.WomenPageService.addItemToCart(WomenPageService.java:16)
at org.tms.test.CartPageTest.addItemToCartTest(CartPageTest.java:21)
at sun.reflect.NativeMethodAccessorImpl.invoke0(Native Method)
at sun.reflect.NativeMethodAccessorImpl.invoke(NativeMethodAccessorImpl.java:62)
at sun.reflect.DelegatingMethodAccessorImpl.invoke(DelegatingMethodAccessorImpl.java:43)
at java.lang.reflect.Method.invoke(Method.java:498)
at org.testng.internal.MethodInvocationHelper.invokeMethod(MethodInvocationHelper.java:133)
at org.testng.internal.TestInvoker.invokeMethod(TestInvoker.java:584)
at org.testng.internal.TestInvoker.invokeTestMethod(TestInvoker.java:172)
at org.testng.internal.MethodRunner.runInSequence(MethodRunner.java:46)
at org.testng.internal.TestInvoker$MethodInvocationAgent.invoke(TestInvoker.java:804)
at org.testng.internal.TestInvoker.invokeTestMethods(TestInvoker.java:145)
at org.testng.internal.TestMethodWorker.invokeTestMethods(TestMethodWorker.java:146)
at org.testng.internal.TestMethodWorker.run(TestMethodWorker.java:128)
at java.util.concurrent.ThreadPoolExecutor.runWorker(ThreadPoolExecutor.java:1149)
at java.util.concurrent.ThreadPoolExecutor$Worker.run(ThreadPoolExecutor.java:624)
at java.lang.Thread.run(Thread.java:750)
]]>
            </full-stacktrace>
          </exception> <!-- org.openqa.selenium.TimeoutException -->
          <reporter-output>
          </reporter-output>
        </test-method> <!-- addItemToCartTest -->
        <test-method status="PASS" signature="stopBrowser()[pri:0, instance:org.tms.test.CartPageTest@5bd1ceca]" name="stopBrowser" is-config="true" duration-ms="718" started-at="2022-06-15T10:02:57 EEST" finished-at="2022-06-15T10:02:58 EEST">
          <reporter-output>
          </reporter-output>
        </test-method> <!-- stopBrowser -->
      </class> <!-- org.tms.test.CartPageTest -->
    </test> <!-- CartPageTest -->
    <test name="CheckoutOrderPageTest" duration-ms="16174" started-at="2022-06-15T10:02:58 EEST" finished-at="2022-06-15T10:03:14 EEST">
      <class name="org.tms.test.CheckoutOrderPageTest">
        <test-method status="PASS" signature="setUp()[pri:0, instance:org.tms.test.CheckoutOrderPageTest@70e659aa]" name="setUp" is-config="true" duration-ms="3358" started-at="2022-06-15T10:02:58 EEST" finished-at="2022-06-15T10:03:02 EEST">
          <reporter-output>
          </reporter-output>
        </test-method> <!-- setUp -->
        <test-method status="FAIL" signature="checkoutOrderTest()[pri:0, instance:org.tms.test.CheckoutOrderPageTest@70e659aa]" name="checkoutOrderTest" duration-ms="10771" started-at="2022-06-15T10:03:02 EEST" finished-at="2022-06-15T10:03:12 EEST">
          <exception class="org.openqa.selenium.NoSuchElementException">
            <message>
              <![CDATA[no such element: Unable to locate element: {"method":"xpath","selector":"//input[@id='email']"}
  (Session info: chrome=102.0.5005.115)
For documentation on this error, please visit: https://www.seleniumhq.org/exceptions/no_such_element.html
Build info: version: '3.141.59', revision: 'e82be7d358', time: '2018-11-14T08:17:03'
System info: host: 'WIN-L3KRA4BUOOR', ip: '192.168.0.103', os.name: 'Windows 7', os.arch: 'amd64', os.version: '6.1', java.version: '1.8.0_333'
Driver info: org.openqa.selenium.chrome.ChromeDriver
Capabilities {acceptInsecureCerts: false, browserName: chrome, browserVersion: 102.0.5005.115, chrome: {chromedriverVersion: 102.0.5005.61 (0e59bcc00cc4..., userDataDir: C:\Users\BD18~1\AppData\Loc...}, goog:chromeOptions: {debuggerAddress: localhost:52080}, javascriptEnabled: true, networkConnectionEnabled: false, pageLoadStrategy: normal, platform: WINDOWS, platformName: WINDOWS, proxy: Proxy(), setWindowRect: true, strictFileInteractability: false, timeouts: {implicit: 0, pageLoad: 300000, script: 30000}, unhandledPromptBehavior: dismiss and notify, webauthn:extension:credBlob: true, webauthn:extension:largeBlob: true, webauthn:virtualAuthenticators: true}
Session ID: 68655c54ce1bbd7fea3998a966ae810e
*** Element info: {Using=xpath, value=//input[@id='email']}]]>
            </message>
            <full-stacktrace>
              <![CDATA[org.openqa.selenium.NoSuchElementException: no such element: Unable to locate element: {"method":"xpath","selector":"//input[@id='email']"}
  (Session info: chrome=102.0.5005.115)
For documentation on this error, please visit: https://www.seleniumhq.org/exceptions/no_such_element.html
Build info: version: '3.141.59', revision: 'e82be7d358', time: '2018-11-14T08:17:03'
System info: host: 'WIN-L3KRA4BUOOR', ip: '192.168.0.103', os.name: 'Windows 7', os.arch: 'amd64', os.version: '6.1', java.version: '1.8.0_333'
Driver info: org.openqa.selenium.chrome.ChromeDriver
Capabilities {acceptInsecureCerts: false, browserName: chrome, browserVersion: 102.0.5005.115, chrome: {chromedriverVersion: 102.0.5005.61 (0e59bcc00cc4..., userDataDir: C:\Users\BD18~1\AppData\Loc...}, goog:chromeOptions: {debuggerAddress: localhost:52080}, javascriptEnabled: true, networkConnectionEnabled: false, pageLoadStrategy: normal, platform: WINDOWS, platformName: WINDOWS, proxy: Proxy(), setWindowRect: true, strictFileInteractability: false, timeouts: {implicit: 0, pageLoad: 300000, script: 30000}, unhandledPromptBehavior: dismiss and notify, webauthn:extension:credBlob: true, webauthn:extension:largeBlob: true, webauthn:virtualAuthenticators: true}
Session ID: 68655c54ce1bbd7fea3998a966ae810e
*** Element info: {Using=xpath, value=//input[@id='email']}
at sun.reflect.GeneratedConstructorAccessor32.newInstance(Unknown Source)
at sun.reflect.DelegatingConstructorAccessorImpl.newInstance(DelegatingConstructorAccessorImpl.java:45)
at java.lang.reflect.Constructor.newInstance(Constructor.java:423)
at org.openqa.selenium.remote.http.W3CHttpResponseCodec.createException(W3CHttpResponseCodec.java:187)
at org.openqa.selenium.remote.http.W3CHttpResponseCodec.decode(W3CHttpResponseCodec.java:122)
at org.openqa.selenium.remote.http.W3CHttpResponseCodec.decode(W3CHttpResponseCodec.java:49)
at org.openqa.selenium.remote.HttpCommandExecutor.execute(HttpCommandExecutor.java:158)
at org.openqa.selenium.remote.service.DriverCommandExecutor.execute(DriverCommandExecutor.java:83)
at org.openqa.selenium.remote.RemoteWebDriver.execute(RemoteWebDriver.java:552)
at org.openqa.selenium.remote.RemoteWebDriver.findElement(RemoteWebDriver.java:323)
at org.openqa.selenium.remote.RemoteWebDriver.findElementByXPath(RemoteWebDriver.java:428)
at org.openqa.selenium.By$ByXPath.findElement(By.java:353)
at org.openqa.selenium.remote.RemoteWebDriver.findElement(RemoteWebDriver.java:315)
at org.openqa.selenium.support.pagefactory.DefaultElementLocator.findElement(DefaultElementLocator.java:69)
at org.openqa.selenium.support.pagefactory.internal.LocatingElementHandler.invoke(LocatingElementHandler.java:38)
at com.sun.proxy.$Proxy9.clear(Unknown Source)
at org.tms.page.LoginPage.fillInEmailAddress(LoginPage.java:56)
at org.tms.service.LoginPageService.login(LoginPageService.java:18)
at org.tms.service.WomenPageService.addItemToCart_aroundBody0(WomenPageService.java:16)
at org.tms.service.WomenPageService$AjcClosure1.run(WomenPageService.java:1)
at org.aspectj.runtime.reflect.JoinPointImpl.proceed(JoinPointImpl.java:149)
at io.qameta.allure.aspects.StepsAspects.step(StepsAspects.java:51)
at org.tms.service.WomenPageService.addItemToCart(WomenPageService.java:16)
at org.tms.service.CheckoutOrderPageService.order(CheckoutOrderPageService.java:13)
at org.tms.test.CheckoutOrderPageTest.checkoutOrderTest(CheckoutOrderPageTest.java:22)
at sun.reflect.NativeMethodAccessorImpl.invoke0(Native Method)
at sun.reflect.NativeMethodAccessorImpl.invoke(NativeMethodAccessorImpl.java:62)
at sun.reflect.DelegatingMethodAccessorImpl.invoke(DelegatingMethodAccessorImpl.java:43)
at java.lang.reflect.Method.invoke(Method.java:498)
at org.testng.internal.MethodInvocationHelper.invokeMethod(MethodInvocationHelper.java:133)
at org.testng.internal.TestInvoker.invokeMethod(TestInvoker.java:584)
at org.testng.internal.TestInvoker.invokeTestMethod(TestInvoker.java:172)
at org.testng.internal.MethodRunner.runInSequence(MethodRunner.java:46)
at org.testng.internal.TestInvoker$MethodInvocationAgent.invoke(TestInvoker.java:804)
at org.testng.internal.TestInvoker.invokeTestMethods(TestInvoker.java:145)
at org.testng.internal.TestMethodWorker.invokeTestMethods(TestMethodWorker.java:146)
at org.testng.internal.TestMethodWorker.run(TestMethodWorker.java:128)
at java.util.concurrent.ThreadPoolExecutor.runWorker(ThreadPoolExecutor.java:1149)
at java.util.concurrent.ThreadPoolExecutor$Worker.run(ThreadPoolExecutor.java:624)
at java.lang.Thread.run(Thread.java:750)
]]>
            </full-stacktrace>
          </exception> <!-- org.openqa.selenium.NoSuchElementException -->
          <reporter-output>
          </reporter-output>
        </test-method> <!-- checkoutOrderTest -->
        <test-method status="PASS" signature="stopBrowser()[pri:0, instance:org.tms.test.CheckoutOrderPageTest@70e659aa]" name="stopBrowser" is-config="true" duration-ms="1384" started-at="2022-06-15T10:03:13 EEST" finished-at="2022-06-15T10:03:14 EEST">
          <reporter-output>
          </reporter-output>
        </test-method> <!-- stopBrowser -->
      </class> <!-- org.tms.test.CheckoutOrderPageTest -->
    </test> <!-- CheckoutOrderPageTest -->
    <test name="LoginSingOutTest" duration-ms="8398" started-at="2022-06-15T10:03:15 EEST" finished-at="2022-06-15T10:03:24 EEST">
      <class name="org.tms.test.LoginSingOutTest">
        <test-method status="PASS" signature="setUp()[pri:0, instance:org.tms.test.LoginSingOutTest@7249dadf]" name="setUp" is-config="true" duration-ms="2921" started-at="2022-06-15T10:03:15 EEST" finished-at="2022-06-15T10:03:18 EEST">
          <reporter-output>
          </reporter-output>
        </test-method> <!-- setUp -->
        <test-method status="PASS" signature="loginSignOutTest()[pri:0, instance:org.tms.test.LoginSingOutTest@7249dadf]" name="loginSignOutTest" duration-ms="4776" started-at="2022-06-15T10:03:18 EEST" finished-at="2022-06-15T10:03:23 EEST">
          <reporter-output>
          </reporter-output>
        </test-method> <!-- loginSignOutTest -->
        <test-method status="PASS" signature="stopBrowser()[pri:0, instance:org.tms.test.LoginSingOutTest@7249dadf]" name="stopBrowser" is-config="true" duration-ms="634" started-at="2022-06-15T10:03:23 EEST" finished-at="2022-06-15T10:03:24 EEST">
          <reporter-output>
          </reporter-output>
        </test-method> <!-- stopBrowser -->
      </class> <!-- org.tms.test.LoginSingOutTest -->
    </test> <!-- LoginSingOutTest -->
  </suite> <!-- Test suite -->
</testng-results>
