<?xml version="1.0" encoding="UTF-8"?>
<testsuite xmlns:xsi="http://www.w3.org/2001/XMLSchema-instance" xsi:noNamespaceSchemaLocation="https://maven.apache.org/surefire/maven-surefire-plugin/xsd/surefire-test-report-3.0.xsd" version="3.0" name="TestSuite" time="64.5" tests="2" errors="0" skipped="0" failures="0">
  <properties>
[...]
</properties>
  <testcase name="createAccountTest" classname="org.tms.test.CreateAccountTest" time="18.322">
    <system-out><![CDATA[======================================== STARTING TEST createAccountTest ========================================
======================================== STARTING TEST createAccountTest ========================================
2022-06-15 19:21:01.466 INFO [TestNG-test=CreateAccountTest-1] [org.tms.page.LoginPage] - Opening page by URL
2022-06-15 19:21:04.823 INFO [TestNG-test=CreateAccountTest-1] [org.tms.page.LoginPage] - Entering email address to create
2022-06-15 19:21:05.362 INFO [TestNG-test=CreateAccountTest-1] [org.tms.page.LoginPage] - Clicking the button create
======================================== FINISHED TEST createAccountTest Duration: 18s ========================================
]]></system-out>
    <system-err><![CDATA[log4j:WARN No appenders could be found for logger (io.github.bonigarcia.wdm.cache.ResolutionCache).
log4j:WARN Please initialize the log4j system properly.
log4j:WARN See http://logging.apache.org/log4j/1.2/faq.html#noconfig for more info.
Starting ChromeDriver 102.0.5005.61 (0e59bcc00cc4985ce39ad31c150065f159d95ad3-refs/branch-heads/5005@{#819}) on port 21143
Only local connections are allowed.
Please see https://chromedriver.chromium.org/security-considerations for suggestions on keeping ChromeDriver safe.
ChromeDriver was started successfully.
июн 15, 2022 7:20:55 PM org.openqa.selenium.remote.ProtocolHandshake createSession
INFO: Detected dialect: W3C
]]></system-err>
  </testcase>
  <testcase name="loginTest" classname="org.tms.test.LoginPageTest" time="3.791">
    <system-out><![CDATA[======================================== FINISHED TEST createAccountTest Duration: 18s ========================================
======================================== STARTING TEST loginTest ========================================
2022-06-15 19:21:36.317 INFO [TestNG-test=LoginPageTest-1] [org.tms.page.LoginPage] - Opening page by URL
2022-06-15 19:21:37.969 INFO [TestNG-test=LoginPageTest-1] [org.tms.page.LoginPage] - Entering email address
2022-06-15 19:21:38.225 INFO [TestNG-test=LoginPageTest-1] [org.tms.page.LoginPage] - Entering  password
2022-06-15 19:21:38.497 INFO [TestNG-test=LoginPageTest-1] [org.tms.page.LoginPage] - Clicking the sing in button
2022-06-15 19:21:40.052 INFO [TestNG-test=LoginPageTest-1] [org.tms.page.MyAccountPage] - Getting the page name
======================================== FINISHED TEST loginTest Duration: 3s ========================================
]]></system-out>
    <system-err><![CDATA[Starting ChromeDriver 102.0.5005.61 (0e59bcc00cc4985ce39ad31c150065f159d95ad3-refs/branch-heads/5005@{#819}) on port 24525
Only local connections are allowed.
Please see https://chromedriver.chromium.org/security-considerations for suggestions on keeping ChromeDriver safe.
ChromeDriver was started successfully.
июн 15, 2022 7:21:36 PM org.openqa.selenium.remote.ProtocolHandshake createSession
INFO: Detected dialect: W3C
]]></system-err>
  </testcase>
</testsuite>