<?xml version="1.0" encoding="UTF-8"?>
<testng-results skipped="0" failed="0" ignored="0" total="2" passed="2">
  <reporter-output>
  </reporter-output>
  <suite name="Test suite" duration-ms="60580" started-at="2022-06-15T19:20:42 EEST" finished-at="2022-06-15T19:21:43 EEST">
    <groups>
    </groups>
    <test name="CreateAccountTest" duration-ms="38277" started-at="2022-06-15T19:20:42 EEST" finished-at="2022-06-15T19:21:20 EEST">
      <class name="org.tms.test.CreateAccountTest">
        <test-method status="PASS" signature="setUp()[pri:0, instance:org.tms.test.CreateAccountTest@60094a13]" name="setUp" is-config="true" duration-ms="18444" started-at="2022-06-15T19:20:42 EEST" finished-at="2022-06-15T19:21:01 EEST">
          <reporter-output>
          </reporter-output>
        </test-method> <!-- setUp -->
        <test-method status="PASS" signature="createAccountTest()[pri:0, instance:org.tms.test.CreateAccountTest@60094a13]" name="createAccountTest" duration-ms="18373" started-at="2022-06-15T19:21:01 EEST" finished-at="2022-06-15T19:21:19 EEST">
          <reporter-output>
          </reporter-output>
        </test-method> <!-- createAccountTest -->
        <test-method status="PASS" signature="stopBrowser()[pri:0, instance:org.tms.test.CreateAccountTest@60094a13]" name="stopBrowser" is-config="true" duration-ms="950" started-at="2022-06-15T19:21:19 EEST" finished-at="2022-06-15T19:21:20 EEST">
          <reporter-output>
          </reporter-output>
        </test-method> <!-- stopBrowser -->
      </class> <!-- org.tms.test.CreateAccountTest -->
    </test> <!-- CreateAccountTest -->
    <test name="LoginPageTest" duration-ms="21985" started-at="2022-06-15T19:21:21 EEST" finished-at="2022-06-15T19:21:43 EEST">
      <class name="org.tms.test.LoginPageTest">
        <test-method status="PASS" signature="setUp()[pri:0, instance:org.tms.test.LoginPageTest@35038141]" name="setUp" is-config="true" duration-ms="15083" started-at="2022-06-15T19:21:21 EEST" finished-at="2022-06-15T19:21:36 EEST">
          <reporter-output>
          </reporter-output>
        </test-method> <!-- setUp -->
        <test-method status="PASS" signature="loginTest()[pri:0, instance:org.tms.test.LoginPageTest@35038141]" name="loginTest" duration-ms="3841" started-at="2022-06-15T19:21:36 EEST" finished-at="2022-06-15T19:21:40 EEST">
          <reporter-output>
          </reporter-output>
        </test-method> <!-- loginTest -->
        <test-method status="PASS" signature="stopBrowser()[pri:0, instance:org.tms.test.LoginPageTest@35038141]" name="stopBrowser" is-config="true" duration-ms="3039" started-at="2022-06-15T19:21:40 EEST" finished-at="2022-06-15T19:21:43 EEST">
          <reporter-output>
          </reporter-output>
        </test-method> <!-- stopBrowser -->
      </class> <!-- org.tms.test.LoginPageTest -->
    </test> <!-- LoginPageTest -->
  </suite> <!-- Test suite -->
</testng-results>
